This is pdfTeX, Version 3.141592653-2.6-1.40.26 (MiKTeX 24.4) (preloaded format=pdflatex 2024.10.4)  24 OCT 2024 22:04
entering extended mode
 restricted \write18 enabled.
 %&-line parsing enabled.
**"./A Question of Counting.tex"
(A Question of Counting.tex
LaTeX2e <2024-06-01> patch level 2
L3 programming layer <2024-08-30>

! LaTeX Error: Environment problem undefined.

See the LaTeX manual or LaTeX Companion for explanation.
Type  H <return>  for immediate help.
 ...                                              
                                                  
l.1 \begin{problem}
                   
Your command was ignored.
Type  I <command> <return>  to replace it with another command,
or  <return>  to continue without it.


! LaTeX Error: Missing \begin{document}.

See the LaTeX manual or LaTeX Companion for explanation.
Type  H <return>  for immediate help.
 ...                                              
                                                  
l.2 {\textbf{\textsc{ƒê·∫øm s·ªë}}
                                  } M·ªôt ch√πm neutron l·∫°nh ƒë·ªìng nh·∫•...

You're in trouble here.  Try typing  <return>  to proceed.
If that doesn't work, type  X <return>  to quit.


LaTeX Font Warning: Font shape `OT1/cmr/bx/sc' undefined
(Font)              using `OT1/cmr/bx/n' instead on input line 2.


! LaTeX Error: Command \DJ unavailable in encoding OT1.

See the LaTeX manual or LaTeX Companion for explanation.
Type  H <return>  for immediate help.
 ...                                              
                                                  
l.2 {\textbf{\textsc{ƒê·∫øm s·ªë}}
                                  } M·ªôt ch√πm neutron l·∫°nh ƒë·ªìng nh·∫•...

Your command was ignored.
Type  I <command> <return>  to replace it with another command,
or  <return>  to continue without it.


! LaTeX Error: Unicode character ·∫ø (U+1EBF)
               not set up for use with LaTeX.

See the LaTeX manual or LaTeX Companion for explanation.
Type  H <return>  for immediate help.
 ...                                              
                                                  
l.2 {\textbf{\textsc{ƒê·∫øm s·ªë}}
                                  } M·ªôt ch√πm neutron l·∫°nh ƒë·ªìng nh·∫•...

You may provide a definition with
\DeclareUnicodeCharacter 


! LaTeX Error: Unicode character ·ªë (U+1ED1)
               not set up for use with LaTeX.

See the LaTeX manual or LaTeX Companion for explanation.
Type  H <return>  for immediate help.
 ...                                              
                                                  
l.2 {\textbf{\textsc{ƒê·∫øm s·ªë}}
                                  } M·ªôt ch√πm neutron l·∫°nh ƒë·ªìng nh·∫•...

You may provide a definition with
\DeclareUnicodeCharacter 

Missing character: There is no M in font nullfont!

! LaTeX Error: Unicode character ·ªô (U+1ED9)
               not set up for use with LaTeX.

See the LaTeX manual or LaTeX Companion for explanation.
Type  H <return>  for immediate help.
 ...                                              
                                                  
l.2 {\textbf{\textsc{ƒê·∫øm s·ªë}}} M·ªô
                                        t ch√πm neutron l·∫°nh ƒë·ªìng nh·∫•...

You may provide a definition with
\DeclareUnicodeCharacter 

Missing character: There is no t in font nullfont!
Missing character: There is no c in font nullfont!
Missing character: There is no h in font nullfont!
LaTeX Font Info:    Trying to load font information for +cmr on input line 2.
LaTeX Font Info:    No file cmr.fd. on input line 2.

LaTeX Font Warning: Font shape `/cmr/m/n' undefined
(Font)              using `/cmr/m/n' instead on input line 2.

! Corrupted NFSS tables.
wrong@fontshape ...message {Corrupted NFSS tables}
                                                  error@fontshape else let f...
l.2 {\textbf{\textsc{ƒê·∫øm s·ªë}}} M·ªôt ch√π
                                              m neutron l·∫°nh ƒë·ªìng nh·∫•...
This error message was generated by an \errmessage
command, so I can't give any explicit help.
Pretend that you're Hercule Poirot: Examine all clues,
and deduce the truth by order and method.


LaTeX Font Warning: Font shape `/cmr/m/n' undefined
(Font)              using `OT1/cmr/m/n' instead on input line 2.

Missing character: There is no m in font nullfont!
Missing character: There is no n in font nullfont!
Missing character: There is no e in font nullfont!
Missing character: There is no u in font nullfont!
Missing character: There is no t in font nullfont!
Missing character: There is no r in font nullfont!
Missing character: There is no o in font nullfont!
Missing character: There is no n in font nullfont!
Missing character: There is no l in font nullfont!

! LaTeX Error: Unicode character ·∫° (U+1EA1)
               not set up for use with LaTeX.

See the LaTeX manual or LaTeX Companion for explanation.
Type  H <return>  for immediate help.
 ...                                              
                                                  
l.2 ...tsc{ƒê·∫øm s·ªë}}} M·ªôt ch√πm neutron l·∫°
                                                  nh ƒë·ªìng nh·∫•t (neutron...

You may provide a definition with
\DeclareUnicodeCharacter 

Missing character: There is no n in font nullfont!
Missing character: There is no h in font nullfont!

! LaTeX Error: Command \dj unavailable in encoding .

See the LaTeX manual or LaTeX Companion for explanation.
Type  H <return>  for immediate help.
 ...                                              
                                                  
l.2 ...ê·∫øm s·ªë}}} M·ªôt ch√πm neutron l·∫°nh ƒë
                                                  ·ªìng nh·∫•t (neutron c√≥ ...

Your command was ignored.
Type  I <command> <return>  to replace it with another command,
or  <return>  to continue without it.


! LaTeX Error: Unicode character ·ªì (U+1ED3)
               not set up for use with LaTeX.

See the LaTeX manual or LaTeX Companion for explanation.
Type  H <return>  for immediate help.
 ...                                              
                                                  
l.2 ...øm s·ªë}}} M·ªôt ch√πm neutron l·∫°nh ƒë·ªì
                                                  ng nh·∫•t (neutron c√≥ kh·...

You may provide a definition with
\DeclareUnicodeCharacter 

Missing character: There is no n in font nullfont!
Missing character: There is no g in font nullfont!
Missing character: There is no n in font nullfont!
Missing character: There is no h in font nullfont!

! LaTeX Error: Unicode character ·∫• (U+1EA5)
               not set up for use with LaTeX.

See the LaTeX manual or LaTeX Companion for explanation.
Type  H <return>  for immediate help.
 ...                                              
                                                  
l.2 ...}} M·ªôt ch√πm neutron l·∫°nh ƒë·ªìng nh·∫•
                                                  t (neutron c√≥ kh·ªëi l∆∞·...

You may provide a definition with
\DeclareUnicodeCharacter 

Missing character: There is no t in font nullfont!
Missing character: There is no ( in font nullfont!
Missing character: There is no n in font nullfont!
Missing character: There is no e in font nullfont!
Missing character: There is no u in font nullfont!
Missing character: There is no t in font nullfont!
Missing character: There is no r in font nullfont!
Missing character: There is no o in font nullfont!
Missing character: There is no n in font nullfont!
Missing character: There is no c in font nullfont!
Missing character: There is no k in font nullfont!
Missing character: There is no h in font nullfont!

! LaTeX Error: Unicode character ·ªë (U+1ED1)
               not set up for use with LaTeX.

See the LaTeX manual or LaTeX Companion for explanation.
Type  H <return>  for immediate help.
 ...                                              
                                                  
l.2 ...on l·∫°nh ƒë·ªìng nh·∫•t (neutron c√≥ kh·ªë
                                                  i l∆∞·ª£ng \( m = 1.67 \ti...

You may provide a definition with
\DeclareUnicodeCharacter 

Missing character: There is no i in font nullfont!
Missing character: There is no l in font nullfont!

! LaTeX Error: Unicode character ∆∞ (U+01B0)
               not set up for use with LaTeX.

See the LaTeX manual or LaTeX Companion for explanation.
Type  H <return>  for immediate help.
 ...                                              
                                                  
l.2 ...∫°nh ƒë·ªìng nh·∫•t (neutron c√≥ kh·ªëi l∆∞
                                                  ·ª£ng \( m = 1.67 \times 1...

You may provide a definition with
\DeclareUnicodeCharacter 


! LaTeX Error: Unicode character ·ª£ (U+1EE3)
               not set up for use with LaTeX.

See the LaTeX manual or LaTeX Companion for explanation.
Type  H <return>  for immediate help.
 ...                                              
                                                  
l.2 ...h ƒë·ªìng nh·∫•t (neutron c√≥ kh·ªëi l∆∞·ª£
                                                  ng \( m = 1.67 \times 10^{...

You may provide a definition with
\DeclareUnicodeCharacter 

Missing character: There is no n in font nullfont!
Missing character: There is no g in font nullfont!
LaTeX Font Info:    External font `cmex10' loaded for size
(Font)              <7> on input line 2.
LaTeX Font Info:    External font `cmex10' loaded for size
(Font)              <5> on input line 2.
! Undefined control sequence.
l.2 ...∞·ª£ng \( m = 1.67 \times 10^{-27} \, \text
                                                  {kg} \) v√† t·ªëc ƒë·ªô \(...
The control sequence at the end of the top line
of your error message was never \def'ed. If you have
misspelled it (e.g., `\hobx'), type `I' and the correct
spelling (e.g., `I\hbox'). Otherwise just continue,
and I'll forget about whatever was undefined.

Missing character: There is no v in font nullfont!
Missing character: There is no t in font nullfont!

! LaTeX Error: Unicode character ·ªë (U+1ED1)
               not set up for use with LaTeX.

See the LaTeX manual or LaTeX Companion for explanation.
Type  H <return>  for immediate help.
 ...                                              
                                                  
l.2 ...67 \times 10^{-27} \, \text{kg} \) v√† t·ªë
                                                  c ƒë·ªô \( v = 0.66 \, \te...

You may provide a definition with
\DeclareUnicodeCharacter 

Missing character: There is no c in font nullfont!

! LaTeX Error: Command \dj unavailable in encoding .

See the LaTeX manual or LaTeX Companion for explanation.
Type  H <return>  for immediate help.
 ...                                              
                                                  
l.2 ...times 10^{-27} \, \text{kg} \) v√† t·ªëc ƒë
                                                  ·ªô \( v = 0.66 \, \text{m...

Your command was ignored.
Type  I <command> <return>  to replace it with another command,
or  <return>  to continue without it.


! LaTeX Error: Unicode character ·ªô (U+1ED9)
               not set up for use with LaTeX.

See the LaTeX manual or LaTeX Companion for explanation.
Type  H <return>  for immediate help.
 ...                                              
                                                  
l.2 ...es 10^{-27} \, \text{kg} \) v√† t·ªëc ƒë·ªô
                                                   \( v = 0.66 \, \text{m/s}...

You may provide a definition with
\DeclareUnicodeCharacter 

! Undefined control sequence.
l.2 ...kg} \) v√† t·ªëc ƒë·ªô \( v = 0.66 \, \text
                                                  {m/s} \)) ƒëi qua m·ªôt kh...
The control sequence at the end of the top line
of your error message was never \def'ed. If you have
misspelled it (e.g., `\hobx'), type `I' and the correct
spelling (e.g., `I\hbox'). Otherwise just continue,
and I'll forget about whatever was undefined.

Missing character: There is no ) in font nullfont!

! LaTeX Error: Command \dj unavailable in encoding .

See the LaTeX manual or LaTeX Companion for explanation.
Type  H <return>  for immediate help.
 ...                                              
                                                  
l.2 ...·ªëc ƒë·ªô \( v = 0.66 \, \text{m/s} \)) ƒë
                                                  i qua m·ªôt khe h·∫πp c√≥ ...

Your command was ignored.
Type  I <command> <return>  to replace it with another command,
or  <return>  to continue without it.

Missing character: There is no i in font nullfont!
Missing character: There is no q in font nullfont!
Missing character: There is no u in font nullfont!
Missing character: There is no a in font nullfont!
Missing character: There is no m in font nullfont!

! LaTeX Error: Unicode character ·ªô (U+1ED9)
               not set up for use with LaTeX.

See the LaTeX manual or LaTeX Companion for explanation.
Type  H <return>  for immediate help.
 ...                                              
                                                  
l.2 ... \( v = 0.66 \, \text{m/s} \)) ƒëi qua m·ªô
                                                  t khe h·∫πp c√≥ chi·ªÅu r·...

You may provide a definition with
\DeclareUnicodeCharacter 

Missing character: There is no t in font nullfont!
Missing character: There is no k in font nullfont!
Missing character: There is no h in font nullfont!
Missing character: There is no e in font nullfont!
Missing character: There is no h in font nullfont!

! LaTeX Error: Unicode character ·∫π (U+1EB9)
               not set up for use with LaTeX.

See the LaTeX manual or LaTeX Companion for explanation.
Type  H <return>  for immediate help.
 ...                                              
                                                  
l.2 ...66 \, \text{m/s} \)) ƒëi qua m·ªôt khe h·∫π
                                                  p c√≥ chi·ªÅu r·ªông \( d ...

You may provide a definition with
\DeclareUnicodeCharacter 

Missing character: There is no p in font nullfont!
Missing character: There is no c in font nullfont!
Missing character: There is no c in font nullfont!
Missing character: There is no h in font nullfont!
Missing character: There is no i in font nullfont!

! LaTeX Error: Unicode character ·ªÅ (U+1EC1)
               not set up for use with LaTeX.

See the LaTeX manual or LaTeX Companion for explanation.
Type  H <return>  for immediate help.
 ...                                              
                                                  
l.2 ...m/s} \)) ƒëi qua m·ªôt khe h·∫πp c√≥ chi·ªÅ
                                                  u r·ªông \( d = 0.5 \, \te...

You may provide a definition with
\DeclareUnicodeCharacter 

Missing character: There is no u in font nullfont!
Missing character: There is no r in font nullfont!

! LaTeX Error: Unicode character ·ªô (U+1ED9)
               not set up for use with LaTeX.

See the LaTeX manual or LaTeX Companion for explanation.
Type  H <return>  for immediate help.
 ...                                              
                                                  
l.2 ...)) ƒëi qua m·ªôt khe h·∫πp c√≥ chi·ªÅu r·ªô
                                                  ng \( d = 0.5 \, \text{mm}...

You may provide a definition with
\DeclareUnicodeCharacter 

Missing character: There is no n in font nullfont!
Missing character: There is no g in font nullfont!
! Undefined control sequence.
l.2 ...·∫πp c√≥ chi·ªÅu r·ªông \( d = 0.5 \, \text
                                                  {mm} \). M·ªôt m√°y d√≤, c...
The control sequence at the end of the top line
of your error message was never \def'ed. If you have
misspelled it (e.g., `\hobx'), type `I' and the correct
spelling (e.g., `I\hbox'). Otherwise just continue,
and I'll forget about whatever was undefined.

Missing character: There is no . in font nullfont!
Missing character: There is no M in font nullfont!

! LaTeX Error: Unicode character ·ªô (U+1ED9)
               not set up for use with LaTeX.

See the LaTeX manual or LaTeX Companion for explanation.
Type  H <return>  for immediate help.
 ...                                              
                                                  
l.2 ...ªÅu r·ªông \( d = 0.5 \, \text{mm} \). M·ªô
                                                  t m√°y d√≤, c√≥ chi·ªÅu r·...

You may provide a definition with
\DeclareUnicodeCharacter 

Missing character: There is no t in font nullfont!
Missing character: There is no m in font nullfont!
Missing character: There is no y in font nullfont!
Missing character: There is no d in font nullfont!
Missing character: There is no , in font nullfont!
Missing character: There is no c in font nullfont!
Missing character: There is no c in font nullfont!
Missing character: There is no h in font nullfont!
Missing character: There is no i in font nullfont!

! LaTeX Error: Unicode character ·ªÅ (U+1EC1)
               not set up for use with LaTeX.

See the LaTeX manual or LaTeX Companion for explanation.
Type  H <return>  for immediate help.
 ...                                              
                                                  
l.2 ...\, \text{mm} \). M·ªôt m√°y d√≤, c√≥ chi·ªÅ
                                                  u r·ªông \( w = 3 \, \text...

You may provide a definition with
\DeclareUnicodeCharacter 

Missing character: There is no u in font nullfont!
Missing character: There is no r in font nullfont!

! LaTeX Error: Unicode character ·ªô (U+1ED9)
               not set up for use with LaTeX.

See the LaTeX manual or LaTeX Companion for explanation.
Type  H <return>  for immediate help.
 ...                                              
                                                  
l.2 ...xt{mm} \). M·ªôt m√°y d√≤, c√≥ chi·ªÅu r·ªô
                                                  ng \( w = 3 \, \text{cm} \...

You may provide a definition with
\DeclareUnicodeCharacter 

Missing character: There is no n in font nullfont!
Missing character: There is no g in font nullfont!
! Undefined control sequence.
l.2 ...y d√≤, c√≥ chi·ªÅu r·ªông \( w = 3 \, \text
                                                  {cm} \), ƒë∆∞·ª£c ƒë·∫∑t c...
The control sequence at the end of the top line
of your error message was never \def'ed. If you have
misspelled it (e.g., `\hobx'), type `I' and the correct
spelling (e.g., `I\hbox'). Otherwise just continue,
and I'll forget about whatever was undefined.

Missing character: There is no , in font nullfont!

! LaTeX Error: Command \dj unavailable in encoding .

See the LaTeX manual or LaTeX Companion for explanation.
Type  H <return>  for immediate help.
 ...                                              
                                                  
l.2 ...chi·ªÅu r·ªông \( w = 3 \, \text{cm} \), ƒë
                                                  ∆∞·ª£c ƒë·∫∑t c√°ch khe m·...

Your command was ignored.
Type  I <command> <return>  to replace it with another command,
or  <return>  to continue without it.


! LaTeX Error: Unicode character ∆∞ (U+01B0)
               not set up for use with LaTeX.

See the LaTeX manual or LaTeX Companion for explanation.
Type  H <return>  for immediate help.
 ...                                              
                                                  
l.2 ...i·ªÅu r·ªông \( w = 3 \, \text{cm} \), ƒë∆∞
                                                  ·ª£c ƒë·∫∑t c√°ch khe m·ªô...

You may provide a definition with
\DeclareUnicodeCharacter 


! LaTeX Error: Unicode character ·ª£ (U+1EE3)
               not set up for use with LaTeX.

See the LaTeX manual or LaTeX Companion for explanation.
Type  H <return>  for immediate help.
 ...                                              
                                                  
l.2 ...Åu r·ªông \( w = 3 \, \text{cm} \), ƒë∆∞·ª£
                                                  c ƒë·∫∑t c√°ch khe m·ªôt k...

You may provide a definition with
\DeclareUnicodeCharacter 

Missing character: There is no c in font nullfont!

! LaTeX Error: Command \dj unavailable in encoding .

See the LaTeX manual or LaTeX Companion for explanation.
Type  H <return>  for immediate help.
 ...                                              
                                                  
l.2 ...·ªông \( w = 3 \, \text{cm} \), ƒë∆∞·ª£c ƒë
                                                  ·∫∑t c√°ch khe m·ªôt kho·∫...

Your command was ignored.
Type  I <command> <return>  to replace it with another command,
or  <return>  to continue without it.


! LaTeX Error: Unicode character ·∫∑ (U+1EB7)
               not set up for use with LaTeX.

See the LaTeX manual or LaTeX Companion for explanation.
Type  H <return>  for immediate help.
 ...                                              
                                                  
l.2 ...ng \( w = 3 \, \text{cm} \), ƒë∆∞·ª£c ƒë·∫∑
                                                  t c√°ch khe m·ªôt kho·∫£ng...

You may provide a definition with
\DeclareUnicodeCharacter 

Missing character: There is no t in font nullfont!
Missing character: There is no c in font nullfont!
Missing character: There is no c in font nullfont!
Missing character: There is no h in font nullfont!
Missing character: There is no k in font nullfont!
Missing character: There is no h in font nullfont!
Missing character: There is no e in font nullfont!
Missing character: There is no m in font nullfont!

! LaTeX Error: Unicode character ·ªô (U+1ED9)
               not set up for use with LaTeX.

See the LaTeX manual or LaTeX Companion for explanation.
Type  H <return>  for immediate help.
 ...                                              
                                                  
l.2 ...text{cm} \), ƒë∆∞·ª£c ƒë·∫∑t c√°ch khe m·ªô
                                                  t kho·∫£ng \( r = 15 \, \t...

You may provide a definition with
\DeclareUnicodeCharacter 

Missing character: There is no t in font nullfont!
Missing character: There is no k in font nullfont!
Missing character: There is no h in font nullfont!
Missing character: There is no o in font nullfont!

! LaTeX Error: Unicode character ·∫£ (U+1EA3)
               not set up for use with LaTeX.

See the LaTeX manual or LaTeX Companion for explanation.
Type  H <return>  for immediate help.
 ...                                              
                                                  
l.2 ... \), ƒë∆∞·ª£c ƒë·∫∑t c√°ch khe m·ªôt kho·∫£
                                                  ng \( r = 15 \, \text{m} \...

You may provide a definition with
\DeclareUnicodeCharacter 

Missing character: There is no n in font nullfont!
Missing character: There is no g in font nullfont!
! Undefined control sequence.
l.2 ...c√°ch khe m·ªôt kho·∫£ng \( r = 15 \, \text
                                                  {m} \). T√¨m t·ª∑ l·ªá ph·...
The control sequence at the end of the top line
of your error message was never \def'ed. If you have
misspelled it (e.g., `\hobx'), type `I' and the correct
spelling (e.g., `I\hbox'). Otherwise just continue,
and I'll forget about whatever was undefined.

Missing character: There is no . in font nullfont!
Missing character: There is no T in font nullfont!
Missing character: There is no m in font nullfont!
Missing character: There is no t in font nullfont!

! LaTeX Error: Unicode character ·ª∑ (U+1EF7)
               not set up for use with LaTeX.

See the LaTeX manual or LaTeX Companion for explanation.
Type  H <return>  for immediate help.
 ...                                              
                                                  
l.2 ...ho·∫£ng \( r = 15 \, \text{m} \). T√¨m t·ª∑
                                                   l·ªá ph·∫ßn trƒÉm c·ªßa c...

You may provide a definition with
\DeclareUnicodeCharacter 

Missing character: There is no l in font nullfont!

! LaTeX Error: Unicode character ·ªá (U+1EC7)
               not set up for use with LaTeX.

See the LaTeX manual or LaTeX Companion for explanation.
Type  H <return>  for immediate help.
 ...                                              
                                                  
l.2 ...ng \( r = 15 \, \text{m} \). T√¨m t·ª∑ l·ªá
                                                   ph·∫ßn trƒÉm c·ªßa c√°c n...

You may provide a definition with
\DeclareUnicodeCharacter 

Missing character: There is no p in font nullfont!
Missing character: There is no h in font nullfont!

! LaTeX Error: Unicode character ·∫ß (U+1EA7)
               not set up for use with LaTeX.

See the LaTeX manual or LaTeX Companion for explanation.
Type  H <return>  for immediate help.
 ...                                              
                                                  
l.2 ...r = 15 \, \text{m} \). T√¨m t·ª∑ l·ªá ph·∫ß
                                                  n trƒÉm c·ªßa c√°c neutron...

You may provide a definition with
\DeclareUnicodeCharacter 

Missing character: There is no n in font nullfont!
Missing character: There is no t in font nullfont!
Missing character: There is no r in font nullfont!
Missing character: There is no m in font nullfont!
Missing character: There is no c in font nullfont!

! LaTeX Error: Unicode character ·ªß (U+1EE7)
               not set up for use with LaTeX.

See the LaTeX manual or LaTeX Companion for explanation.
Type  H <return>  for immediate help.
 ...                                              
                                                  
l.2 ...ext{m} \). T√¨m t·ª∑ l·ªá ph·∫ßn trƒÉm c·ªß
                                                  a c√°c neutron ƒëi qua khe...

You may provide a definition with
\DeclareUnicodeCharacter 

Missing character: There is no a in font nullfont!
Missing character: There is no c in font nullfont!
Missing character: There is no c in font nullfont!
Missing character: There is no n in font nullfont!
Missing character: There is no e in font nullfont!
Missing character: There is no u in font nullfont!
Missing character: There is no t in font nullfont!
Missing character: There is no r in font nullfont!
Missing character: There is no o in font nullfont!
Missing character: There is no n in font nullfont!

! LaTeX Error: Command \dj unavailable in encoding .

See the LaTeX manual or LaTeX Companion for explanation.
Type  H <return>  for immediate help.
 ...                                              
                                                  
l.2 ...·ª∑ l·ªá ph·∫ßn trƒÉm c·ªßa c√°c neutron ƒë
                                                  i qua khe m√† th·ª±c s·ª± ...

Your command was ignored.
Type  I <command> <return>  to replace it with another command,
or  <return>  to continue without it.

Missing character: There is no i in font nullfont!
Missing character: There is no q in font nullfont!
Missing character: There is no u in font nullfont!
Missing character: There is no a in font nullfont!
Missing character: There is no k in font nullfont!
Missing character: There is no h in font nullfont!
Missing character: There is no e in font nullfont!
Missing character: There is no m in font nullfont!
Missing character: There is no t in font nullfont!
Missing character: There is no h in font nullfont!

! LaTeX Error: Unicode character ·ª± (U+1EF1)
               not set up for use with LaTeX.

See the LaTeX manual or LaTeX Companion for explanation.
Type  H <return>  for immediate help.
 ...                                              
                                                  
l.2 ...Ém c·ªßa c√°c neutron ƒëi qua khe m√† th·ª±
                                                  c s·ª± ƒë∆∞·ª£c m√°y d√≤ g...

You may provide a definition with
\DeclareUnicodeCharacter 

Missing character: There is no c in font nullfont!
Missing character: There is no s in font nullfont!

! LaTeX Error: Unicode character ·ª± (U+1EF1)
               not set up for use with LaTeX.

See the LaTeX manual or LaTeX Companion for explanation.
Type  H <return>  for immediate help.
 ...                                              
                                                  
l.2 ...ßa c√°c neutron ƒëi qua khe m√† th·ª±c s·ª±
                                                   ƒë∆∞·ª£c m√°y d√≤ ghi nh·...

You may provide a definition with
\DeclareUnicodeCharacter 


! LaTeX Error: Command \dj unavailable in encoding .

See the LaTeX manual or LaTeX Companion for explanation.
Type  H <return>  for immediate help.
 ...                                              
                                                  
l.2 ...c√°c neutron ƒëi qua khe m√† th·ª±c s·ª± ƒë
                                                  ∆∞·ª£c m√°y d√≤ ghi nh·∫≠n.
Your command was ignored.
Type  I <command> <return>  to replace it with another command,
or  <return>  to continue without it.


! LaTeX Error: Unicode character ∆∞ (U+01B0)
               not set up for use with LaTeX.

See the LaTeX manual or LaTeX Companion for explanation.
Type  H <return>  for immediate help.
 ...                                              
                                                  
l.2 ...°c neutron ƒëi qua khe m√† th·ª±c s·ª± ƒë∆∞
                                                  ·ª£c m√°y d√≤ ghi nh·∫≠n.
You may provide a definition with
\DeclareUnicodeCharacter 


! LaTeX Error: Unicode character ·ª£ (U+1EE3)
               not set up for use with LaTeX.

See the LaTeX manual or LaTeX Companion for explanation.
Type  H <return>  for immediate help.
 ...                                              
                                                  
l.2 ...neutron ƒëi qua khe m√† th·ª±c s·ª± ƒë∆∞·ª£
                                                  c m√°y d√≤ ghi nh·∫≠n.
You may provide a definition with
\DeclareUnicodeCharacter 

Missing character: There is no c in font nullfont!
Missing character: There is no m in font nullfont!
Missing character: There is no y in font nullfont!
Missing character: There is no d in font nullfont!
Missing character: There is no g in font nullfont!
Missing character: There is no h in font nullfont!
Missing character: There is no i in font nullfont!
Missing character: There is no n in font nullfont!
Missing character: There is no h in font nullfont!

! LaTeX Error: Unicode character ·∫≠ (U+1EAD)
               not set up for use with LaTeX.

See the LaTeX manual or LaTeX Companion for explanation.
Type  H <return>  for immediate help.
 ...                                              
                                                  
l.2 ...m√† th·ª±c s·ª± ƒë∆∞·ª£c m√°y d√≤ ghi nh·∫≠
                                                  n.
You may provide a definition with
\DeclareUnicodeCharacter 

Missing character: There is no n in font nullfont!
Missing character: There is no . in font nullfont!

! LaTeX Error: \begin{document} ended by \end{problem}.

See the LaTeX manual or LaTeX Companion for explanation.
Type  H <return>  for immediate help.
 ...                                              
                                                  
l.3 \end{problem}
                 
Your command was ignored.
Type  I <command> <return>  to replace it with another command,
or  <return>  to continue without it.

)
! Emergency stop.
<*> "./A Question of Counting.tex"
                                  
*** (job aborted, no legal \end found)

 
Here is how much of TeX's memory you used:
 62 strings out of 473899
 885 string characters out of 5724104
 386318 words of memory out of 5000000
 23034 multiletter control sequences out of 15000+600000
 558377 words of font info for 37 fonts, out of 8000000 for 9000
 1141 hyphenation exceptions out of 8191
 23i,2n,32p,571b,117s stack positions out of 10000i,1000n,20000p,200000b,200000s
!  ==> Fatal error occurred, no output PDF file produced!
